<?xml version="1.0" encoding="UTF-8"?>
<!-- Generated by org.testng.reporters.JUnitXMLReporter -->
<testsuite ignored="0" hostname="MacbookPro" failures="4" tests="4" name="Surefire test" time="24.478" errors="0" timestamp="2025-08-15T22:20:40 GST">
  <testcase classname="io.cucumber.testng.AbstractTestNGCucumberTests" name="runScenario" time="6.576">
    <failure type="io.cucumber.testng.UndefinedStepException" message="The step &amp;apos;I read the test data from excel file &amp;quot;LoginData.xlsx&amp;quot; sheet &amp;quot;sheet1&amp;quot;&amp;apos; is undefined.
You can implement this step using the snippet(s) below:

@When(&amp;quot;I read the test data from excel file {string} sheet {string}&amp;quot;)
public void i_read_the_test_data_from_excel_file_sheet(String string, String string2) {
    // Write code here that turns the phrase above into concrete actions
    throw new io.cucumber.java.PendingException();
}
">
      <![CDATA[io.cucumber.testng.UndefinedStepException: The step 'I read the test data from excel file "LoginData.xlsx" sheet "sheet1"' is undefined.
You can implement this step using the snippet(s) below:

@When("I read the test data from excel file {string} sheet {string}")
public void i_read_the_test_data_from_excel_file_sheet(String string, String string2) {
    // Write code here that turns the phrase above into concrete actions
    throw new io.cucumber.java.PendingException();
}

at io.cucumber.core.runtime.TestCaseResultObserver.assertTestCasePassed(TestCaseResultObserver.java:69)
at io.cucumber.testng.TestCaseResultObserver.assertTestCasePassed(TestCaseResultObserver.java:23)
at io.cucumber.testng.TestNGCucumberRunner.lambda$runScenario$1(TestNGCucumberRunner.java:133)
at io.cucumber.core.runtime.CucumberExecutionContext.lambda$runTestCase$5(CucumberExecutionContext.java:137)
at io.cucumber.core.runtime.RethrowingThrowableCollector.executeAndThrow(RethrowingThrowableCollector.java:23)
at io.cucumber.core.runtime.CucumberExecutionContext.runTestCase(CucumberExecutionContext.java:137)
at io.cucumber.testng.TestNGCucumberRunner.runScenario(TestNGCucumberRunner.java:129)
at io.cucumber.testng.AbstractTestNGCucumberTests.runScenario(AbstractTestNGCucumberTests.java:35)
at java.base/java.util.ArrayList.forEach(ArrayList.java:1604)
... Removed 30 stack frames]]>
    </failure>
  </testcase> <!-- runScenario -->
  <testcase classname="io.cucumber.testng.AbstractTestNGCucumberTests" name="runScenario" time="5.752">
    <failure type="io.cucumber.testng.UndefinedStepException" message="The step &amp;apos;I read the test data from excel file &amp;quot;LoginData.xlsx&amp;quot; sheet &amp;quot;sheet1&amp;quot;&amp;apos; is undefined.
You can implement this step using the snippet(s) below:

@When(&amp;quot;I read the test data from excel file {string} sheet {string}&amp;quot;)
public void i_read_the_test_data_from_excel_file_sheet(String string, String string2) {
    // Write code here that turns the phrase above into concrete actions
    throw new io.cucumber.java.PendingException();
}
">
      <![CDATA[io.cucumber.testng.UndefinedStepException: The step 'I read the test data from excel file "LoginData.xlsx" sheet "sheet1"' is undefined.
You can implement this step using the snippet(s) below:

@When("I read the test data from excel file {string} sheet {string}")
public void i_read_the_test_data_from_excel_file_sheet(String string, String string2) {
    // Write code here that turns the phrase above into concrete actions
    throw new io.cucumber.java.PendingException();
}

at io.cucumber.core.runtime.TestCaseResultObserver.assertTestCasePassed(TestCaseResultObserver.java:69)
at io.cucumber.testng.TestCaseResultObserver.assertTestCasePassed(TestCaseResultObserver.java:23)
at io.cucumber.testng.TestNGCucumberRunner.lambda$runScenario$1(TestNGCucumberRunner.java:133)
at io.cucumber.core.runtime.CucumberExecutionContext.lambda$runTestCase$5(CucumberExecutionContext.java:137)
at io.cucumber.core.runtime.RethrowingThrowableCollector.executeAndThrow(RethrowingThrowableCollector.java:23)
at io.cucumber.core.runtime.CucumberExecutionContext.runTestCase(CucumberExecutionContext.java:137)
at io.cucumber.testng.TestNGCucumberRunner.runScenario(TestNGCucumberRunner.java:129)
at io.cucumber.testng.AbstractTestNGCucumberTests.runScenario(AbstractTestNGCucumberTests.java:35)
at java.base/java.util.ArrayList.forEach(ArrayList.java:1604)
... Removed 30 stack frames]]>
    </failure>
  </testcase> <!-- runScenario -->
  <testcase classname="io.cucumber.testng.AbstractTestNGCucumberTests" name="runScenario" time="6.175">
    <failure type="io.cucumber.testng.UndefinedStepException" message="The step &amp;apos;I read the test data from excel file &amp;quot;LoginData.xlsx&amp;quot; sheet &amp;quot;sheet1&amp;quot;&amp;apos; is undefined.
You can implement this step using the snippet(s) below:

@When(&amp;quot;I read the test data from excel file {string} sheet {string}&amp;quot;)
public void i_read_the_test_data_from_excel_file_sheet(String string, String string2) {
    // Write code here that turns the phrase above into concrete actions
    throw new io.cucumber.java.PendingException();
}
">
      <![CDATA[io.cucumber.testng.UndefinedStepException: The step 'I read the test data from excel file "LoginData.xlsx" sheet "sheet1"' is undefined.
You can implement this step using the snippet(s) below:

@When("I read the test data from excel file {string} sheet {string}")
public void i_read_the_test_data_from_excel_file_sheet(String string, String string2) {
    // Write code here that turns the phrase above into concrete actions
    throw new io.cucumber.java.PendingException();
}

at io.cucumber.core.runtime.TestCaseResultObserver.assertTestCasePassed(TestCaseResultObserver.java:69)
at io.cucumber.testng.TestCaseResultObserver.assertTestCasePassed(TestCaseResultObserver.java:23)
at io.cucumber.testng.TestNGCucumberRunner.lambda$runScenario$1(TestNGCucumberRunner.java:133)
at io.cucumber.core.runtime.CucumberExecutionContext.lambda$runTestCase$5(CucumberExecutionContext.java:137)
at io.cucumber.core.runtime.RethrowingThrowableCollector.executeAndThrow(RethrowingThrowableCollector.java:23)
at io.cucumber.core.runtime.CucumberExecutionContext.runTestCase(CucumberExecutionContext.java:137)
at io.cucumber.testng.TestNGCucumberRunner.runScenario(TestNGCucumberRunner.java:129)
at io.cucumber.testng.AbstractTestNGCucumberTests.runScenario(AbstractTestNGCucumberTests.java:35)
at java.base/java.util.ArrayList.forEach(ArrayList.java:1604)
... Removed 30 stack frames]]>
    </failure>
  </testcase> <!-- runScenario -->
  <testcase classname="io.cucumber.testng.AbstractTestNGCucumberTests" name="runScenario" time="5.317">
    <failure type="io.cucumber.testng.UndefinedStepException" message="The step &amp;apos;I read the test data from excel file &amp;quot;LoginData.xlsx&amp;quot; sheet &amp;quot;sheet1&amp;quot;&amp;apos; is undefined.
You can implement this step using the snippet(s) below:

@When(&amp;quot;I read the test data from excel file {string} sheet {string}&amp;quot;)
public void i_read_the_test_data_from_excel_file_sheet(String string, String string2) {
    // Write code here that turns the phrase above into concrete actions
    throw new io.cucumber.java.PendingException();
}
">
      <![CDATA[io.cucumber.testng.UndefinedStepException: The step 'I read the test data from excel file "LoginData.xlsx" sheet "sheet1"' is undefined.
You can implement this step using the snippet(s) below:

@When("I read the test data from excel file {string} sheet {string}")
public void i_read_the_test_data_from_excel_file_sheet(String string, String string2) {
    // Write code here that turns the phrase above into concrete actions
    throw new io.cucumber.java.PendingException();
}

at io.cucumber.core.runtime.TestCaseResultObserver.assertTestCasePassed(TestCaseResultObserver.java:69)
at io.cucumber.testng.TestCaseResultObserver.assertTestCasePassed(TestCaseResultObserver.java:23)
at io.cucumber.testng.TestNGCucumberRunner.lambda$runScenario$1(TestNGCucumberRunner.java:133)
at io.cucumber.core.runtime.CucumberExecutionContext.lambda$runTestCase$5(CucumberExecutionContext.java:137)
at io.cucumber.core.runtime.RethrowingThrowableCollector.executeAndThrow(RethrowingThrowableCollector.java:23)
at io.cucumber.core.runtime.CucumberExecutionContext.runTestCase(CucumberExecutionContext.java:137)
at io.cucumber.testng.TestNGCucumberRunner.runScenario(TestNGCucumberRunner.java:129)
at io.cucumber.testng.AbstractTestNGCucumberTests.runScenario(AbstractTestNGCucumberTests.java:35)
at java.base/java.util.ArrayList.forEach(ArrayList.java:1604)
... Removed 30 stack frames]]>
    </failure>
  </testcase> <!-- runScenario -->
</testsuite> <!-- Surefire test -->
