<?xml version="1.0" encoding="UTF-8"?>
<testsuite xmlns:xsi="http://www.w3.org/2001/XMLSchema-instance" xsi:noNamespaceSchemaLocation="https://maven.apache.org/surefire/maven-surefire-plugin/xsd/surefire-test-report-3.0.xsd" version="3.0" name="com.example.testrunner.CucumberTestNGRunner" time="227.089" tests="3" errors="0" skipped="0" failures="0">
  <properties>
[...]
</properties>
  <testcase name="runScenario[&quot;Mobile login using credentials&quot;, &quot;Mobile Login&quot;](1)" classname="com.example.testrunner.CucumberTestNGRunner" time="104.447">
    <system-out><![CDATA[
Scenario Outline: Mobile login using credentials           # src/test/resources/features/mobileLogin.feature:14
[Appium] Capabilities: Capabilities {appium:appActivity: com.adcb.bankSBX.ADCBMIB, appium:appPackage: com.adcb.bankSBX, appium:autoLunch: true, appium:automationName: uiautomator2, appium:deviceName: Pixel 3 XL, appium:dontStopAppOnReset: true, appium:newCommandTimeout: 5000, appium:noReset: true, appium:udid: 8C4Y14R0E, platformName: Android}
[Appium] Server URL: http://127.0.0.1:4723/wd/hub
  Given I open the app on mobile with "android.properties" # com.example.stepdefinitions.MobileSteps.I_open_the_app_on_mobile_with(java.lang.String)
  When I perform mobile login with "<password>"            # com.example.stepdefinitions.MobileSteps.I_perform_mobile_login_with(java.lang.String)
  Then I should see mobile Account Summary dashboard       # com.example.stepdefinitions.MobileSteps.i_should_see_mobile_account_summary_dashboard()
Account Summary title matches: ACCOUNT SUMMARY
Review text matches: Review
Account Number Text: 10005080910001
Succes text matches: Review
  When user navigates to Add Beneficiary page within ADCB  # com.example.stepdefinitions.MobileSteps.user_navigates_to_add_beneficiary_page_within_adcb()
  When User naviagtes to Existing Beneficiary page         # com.example.stepdefinitions.MobileSteps.User_naviagtes_to_Existing_Beneficiary_page()
Pending Beneficiaries Tab is displayed
  And user should validate the Added Beneficiary Name      # com.example.stepdefinitions.MobileSteps.user_should_validate_the_Added_Beneficiary_Name()
]]></system-out>
    <system-err><![CDATA[SLF4J: Failed to load class "org.slf4j.impl.StaticLoggerBinder".
SLF4J: Defaulting to no-operation (NOP) logger implementation
SLF4J: See http://www.slf4j.org/codes.html#StaticLoggerBinder for further details.
Aug 23, 2025 12:34:03 PM io.appium.java_client.remote.AppiumCommandExecutor$1 lambda$0
INFO: Detected dialect: W3C
]]></system-err>
  </testcase>
  <testcase name="runScenario[&quot;Fund Transfer Exsiting Baneficiary&quot;, &quot;Mobile Login&quot;](2)" classname="com.example.testrunner.CucumberTestNGRunner" time="81.986">
    <system-out><![CDATA[
Scenario Outline: Fund Transfer Exsiting Baneficiary             # src/test/resources/features/mobileLogin.feature:17
Searching for Existing Beneficiary with Name: Asif 
Active Beneficiaries Tab is displayed
  When user Searches for Existing Beneficiary with Name "<Name>" # com.example.stepdefinitions.MobileSteps.user_searches_for_existing_beneficiary_with_name(java.lang.String)
  And user selects Existing Beneficiary with Name                # com.example.stepdefinitions.MobileSteps.user_selects_existing_beneficiary_with_name()
  And user Select the source Account with Positive balance       # com.example.stepdefinitions.MobileSteps.user_Select_the_source_Account_with_Positive_balance()
  Then user Should enter the Transfer Deatils                    # com.example.stepdefinitions.MobileSteps.user_should_enter_the_transfer_deatils()
  And user should navigate to Fund Transfer Review page          # com.example.stepdefinitions.MobileSteps.user_should_navigate_to_fund_transfer_review_page()
Available Balance matches with Balance After Review Page
  And user should validate the Fund Transfer Review page         # com.example.stepdefinitions.MobileSteps.user_should_validate_the_fund_transfer_review_page()
Fund Transfer Success Page is displayed
  Then user should navigate to Fund Transfer Success page        # com.example.stepdefinitions.MobileSteps.user_should_navigate_to_fund_transfer_success_page()
Transfer Amount matches with Review Page
  And user should validate the Fund Transfer Success page        # com.example.stepdefinitions.MobileSteps.user_should_validate_the_fund_transfer_success_page()
]]></system-out>
  </testcase>
  <testcase name="runScenario[&quot;Account Summmary Dashboard validate Amount is Deductead or not&quot;, &quot;Mobile Login&quot;](3)" classname="com.example.testrunner.CucumberTestNGRunner" time="39.353">
    <system-out><![CDATA[
Scenario: Account Summmary Dashboard validate Amount is Deductead or not    # src/test/resources/features/mobileLogin.feature:27
Account Summary title matches: ACCOUNT SUMMARY
Size of Device Screen : (1440, 2621)
StartX = 720 StartY = 1834 EndY = 1127 Endx = 720
  When user navigates to Account Summary Dashboard                          # com.example.stepdefinitions.MobileSteps.user_navigates_to_account_summary_dashboard()
Net Available Balance after Transfer: 51,632.75 AED
Amount is Deducted from Source Account
  Then user should validate the Amount is Deducted or not in source account # com.example.stepdefinitions.MobileSteps.user_should_validate_the_amount_is_deducted_or_not_in_source_account()
]]></system-out>
  </testcase>
</testsuite>