<?xml version="1.0" encoding="UTF-8"?>
<testng-results ignored="0" total="3" passed="3" failed="0" skipped="0">
  <reporter-output>
  </reporter-output>
  <suite started-at="2025-08-23T12:33:52 GST" name="Surefire suite" finished-at="2025-08-23T12:37:38 GST" duration-ms="226404">
    <groups>
      <group name="cucumber">
        <method signature="AbstractTestNGCucumberTests.runScenario(io.cucumber.testng.PickleWrapper,io.cucumber.testng.FeatureWrapper)[pri:0, instance:com.example.testrunner.CucumberTestNGRunner@3fb1549b]" name="runScenario" class="io.cucumber.testng.AbstractTestNGCucumberTests"/>
      </group> <!-- cucumber -->
    </groups>
    <test started-at="2025-08-23T12:33:52 GST" name="Surefire test" finished-at="2025-08-23T12:37:38 GST" duration-ms="226404">
      <class name="com.example.testrunner.CucumberTestNGRunner">
        <test-method is-config="true" signature="setUpClass(org.testng.ITestContext)[pri:0, instance:com.example.testrunner.CucumberTestNGRunner@3fb1549b]" started-at="2025-08-23T12:33:52 GST" name="setUpClass" finished-at="2025-08-23T12:33:52 GST" duration-ms="557" status="PASS">
          <params>
            <param index="0">
              <value>
                <![CDATA[org.testng.TestRunner@7858d31d]]>
              </value>
            </param>
          </params>
          <reporter-output>
          </reporter-output>
        </test-method> <!-- setUpClass -->
        <test-method signature="runScenario(io.cucumber.testng.PickleWrapper,io.cucumber.testng.FeatureWrapper)[pri:0, instance:com.example.testrunner.CucumberTestNGRunner@3fb1549b]" started-at="2025-08-23T12:33:52 GST" name="runScenario" description="Runs Cucumber Scenarios" data-provider="scenarios" finished-at="2025-08-23T12:35:37 GST" duration-ms="104447" status="PASS">
          <params>
            <param index="0">
              <value>
                <![CDATA["Mobile login using credentials"]]>
              </value>
            </param>
            <param index="1">
              <value>
                <![CDATA["Mobile Login"]]>
              </value>
            </param>
          </params>
          <reporter-output>
          </reporter-output>
        </test-method> <!-- runScenario -->
        <test-method signature="runScenario(io.cucumber.testng.PickleWrapper,io.cucumber.testng.FeatureWrapper)[pri:0, instance:com.example.testrunner.CucumberTestNGRunner@3fb1549b]" started-at="2025-08-23T12:35:37 GST" name="runScenario" description="Runs Cucumber Scenarios" data-provider="scenarios" finished-at="2025-08-23T12:36:59 GST" duration-ms="81985" status="PASS">
          <params>
            <param index="0">
              <value>
                <![CDATA["Fund Transfer Exsiting Baneficiary"]]>
              </value>
            </param>
            <param index="1">
              <value>
                <![CDATA["Mobile Login"]]>
              </value>
            </param>
          </params>
          <reporter-output>
          </reporter-output>
        </test-method> <!-- runScenario -->
        <test-method signature="runScenario(io.cucumber.testng.PickleWrapper,io.cucumber.testng.FeatureWrapper)[pri:0, instance:com.example.testrunner.CucumberTestNGRunner@3fb1549b]" started-at="2025-08-23T12:36:59 GST" name="runScenario" description="Runs Cucumber Scenarios" data-provider="scenarios" finished-at="2025-08-23T12:37:38 GST" duration-ms="39354" status="PASS">
          <params>
            <param index="0">
              <value>
                <![CDATA["Account Summmary Dashboard validate Amount is Deductead or not"]]>
              </value>
            </param>
            <param index="1">
              <value>
                <![CDATA["Mobile Login"]]>
              </value>
            </param>
          </params>
          <reporter-output>
          </reporter-output>
        </test-method> <!-- runScenario -->
        <test-method is-config="true" signature="tearDownClass()[pri:0, instance:com.example.testrunner.CucumberTestNGRunner@3fb1549b]" started-at="2025-08-23T12:37:38 GST" name="tearDownClass" finished-at="2025-08-23T12:37:38 GST" duration-ms="21" status="PASS">
          <reporter-output>
          </reporter-output>
        </test-method> <!-- tearDownClass -->
      </class> <!-- com.example.testrunner.CucumberTestNGRunner -->
    </test> <!-- Surefire test -->
  </suite> <!-- Surefire suite -->
</testng-results>
