<?xml version="1.0" encoding="UTF-8"?>
<testng-results total="1" passed="1" failed="0" skipped="0">
  <reporter-output>
  </reporter-output>
  <suite started-at="2025-08-17T05:31:40Z" name="Default suite" finished-at="2025-08-17T05:31:49Z" duration-ms="9003">
    <groups>
      <group name="cucumber">
        <method signature="AbstractTestNGCucumberTests.runScenario(io.cucumber.testng.PickleWrapper, io.cucumber.testng.FeatureWrapper)[pri:0, instance:com.example.testrunner.CucumberTestNGRunner@51acdf2e]" name="runScenario" class="io.cucumber.testng.AbstractTestNGCucumberTests"/>
      </group> <!-- cucumber -->
    </groups>
    <test started-at="2025-08-17T05:31:40Z" name="Default test" finished-at="2025-08-17T05:31:49Z" duration-ms="9003">
      <class name="com.example.testrunner.CucumberTestNGRunner">
        <test-method is-config="true" signature="setUpClass(org.testng.ITestContext)[pri:0, instance:com.example.testrunner.CucumberTestNGRunner@51acdf2e]" started-at="2025-08-17T09:31:40Z" name="setUpClass" finished-at="2025-08-17T09:31:41Z" duration-ms="537" status="PASS">
          <params>
            <param index="0">
              <value>
                <![CDATA[org.testng.TestRunner@759de304]]>
              </value>
            </param>
          </params>
          <reporter-output>
          </reporter-output>
        </test-method> <!-- setUpClass -->
        <test-method signature="runScenario(io.cucumber.testng.PickleWrapper, io.cucumber.testng.FeatureWrapper)[pri:0, instance:com.example.testrunner.CucumberTestNGRunner@51acdf2e]" started-at="2025-08-17T09:31:41Z" name="runScenario" description="Runs Cucumber Scenarios" data-provider="scenarios" finished-at="2025-08-17T09:31:49Z" duration-ms="8345" status="PASS">
          <params>
            <param index="0">
              <value>
                <![CDATA["Successful login using credentials"]]>
              </value>
            </param>
            <param index="1">
              <value>
                <![CDATA["Web Login"]]>
              </value>
            </param>
          </params>
          <reporter-output>
          </reporter-output>
        </test-method> <!-- runScenario -->
        <test-method is-config="true" signature="tearDownClass()[pri:0, instance:com.example.testrunner.CucumberTestNGRunner@51acdf2e]" started-at="2025-08-17T09:31:49Z" name="tearDownClass" finished-at="2025-08-17T09:31:49Z" duration-ms="28" status="PASS">
          <reporter-output>
          </reporter-output>
        </test-method> <!-- tearDownClass -->
      </class> <!-- com.example.testrunner.CucumberTestNGRunner -->
    </test> <!-- Default test -->
  </suite> <!-- Default suite -->
</testng-results>
