<?xml version="1.0" encoding="UTF-8"?>
<!-- Generated by org.testng.reporters.JUnitReportReporter -->
<testsuite hostname="MacbookPro" failures="0" tests="3" name="com.example.testrunner.CucumberTestNGRunner" time="225.786" errors="0" timestamp="2025-08-23T12:37:38 GST" skipped="0">
  <testcase classname="com.example.testrunner.CucumberTestNGRunner" name="runScenario" time="39.354"/>
  <testcase classname="com.example.testrunner.CucumberTestNGRunner" name="runScenario" time="81.985"/>
  <testcase classname="com.example.testrunner.CucumberTestNGRunner" name="runScenario" time="104.447"/>
</testsuite> <!-- com.example.testrunner.CucumberTestNGRunner -->
